C:\USERS\GRGAN\DESKTOP\BCH_GRANDE\BCH\DEBUG\BCH.PCH
C:\USERS\GRGAN\DESKTOP\BCH_GRANDE\BCH\DEBUG\STDAFX.OBJ
C:\USERS\GRGAN\DESKTOP\BCH_GRANDE\BCH\DEBUG\VC110.PDB
C:\USERS\GRGAN\DESKTOP\BCH_GRANDE\BCH\DEBUG\BCH.OBJ
C:\USERS\GRGAN\DESKTOP\BCH_GRANDE\DEBUG\BCH.ILK
C:\USERS\GRGAN\DESKTOP\BCH_GRANDE\DEBUG\BCH.EXE
C:\USERS\GRGAN\DESKTOP\BCH_GRANDE\DEBUG\BCH.PDB
C:\Users\grgan\Desktop\BCH_grande\BCH\Debug\stdafx.obj
C:\Users\grgan\Desktop\BCH_grande\BCH\Debug\cl.command.1.tlog
C:\Users\grgan\Desktop\BCH_grande\BCH\Debug\CL.read.1.tlog
C:\Users\grgan\Desktop\BCH_grande\BCH\Debug\CL.write.1.tlog
C:\Users\grgan\Desktop\BCH_grande\BCH\Debug\link-cvtres.read.1.tlog
C:\Users\grgan\Desktop\BCH_grande\BCH\Debug\link-cvtres.write.1.tlog
C:\Users\grgan\Desktop\BCH_grande\BCH\Debug\link-rc.read.1.tlog
C:\Users\grgan\Desktop\BCH_grande\BCH\Debug\link-rc.write.1.tlog
C:\Users\grgan\Desktop\BCH_grande\BCH\Debug\link.command.1.tlog
C:\Users\grgan\Desktop\BCH_grande\BCH\Debug\link.read.1.tlog
C:\Users\grgan\Desktop\BCH_grande\BCH\Debug\link.write.1.tlog
C:\Users\grgan\Desktop\BCH_grande\BCH\Debug\BCH.pch
C:\Users\grgan\Desktop\BCH_grande\BCH\Debug\vc110.idb
C:\Users\grgan\Desktop\BCH_grande\BCH\Debug\vc110.pdb
C:\Users\grgan\Desktop\BCH_grande\Debug\BCH.pdb
C:\Users\grgan\Desktop\BCH_grande\Debug\BCH.exe
C:\Users\grgan\Desktop\BCH_grande\Debug\BCH.ilk
